<?xml version="1.0" encoding="UTF-8"?>
<!-- Generated by org.testng.reporters.JUnitXMLReporter -->
<testsuite ignored="0" hostname="studio31" failures="0" tests="3" name="Test" time="28.403" errors="0" timestamp="2024-10-29T14:28:38 IST">
  <testcase classname="com.comcast.crm.orgtest.VtigerPracticeTest" name="CreateOgwithIndustryTest" time="7.381"/>
  <testcase classname="com.comcast.crm.orgtest.VtigerPracticeTest" name="CreateOrgwithphonenumTest" time="3.949"/>
  <testcase classname="com.comcast.crm.orgtest.VtigerPracticeTest" name="OrganizationTest" time="4.279"/>
</testsuite> <!-- Test -->
