<?xml version="1.0" encoding="UTF-8"?>
<testng-results ignored="0" total="3" passed="3" failed="0" skipped="0">
  <reporter-output>
  </reporter-output>
  <suite started-at="2024-10-29T14:28:09 IST" name="Suite" finished-at="2024-10-29T14:28:38 IST" duration-ms="28403">
    <groups>
      <group name="SmokeTest">
        <method signature="VtigerPracticeTest.OrganizationTest()[pri:0, instance:com.comcast.crm.orgtest.VtigerPracticeTest@6cb107fd]" name="OrganizationTest" class="com.comcast.crm.orgtest.VtigerPracticeTest"/>
      </group> <!-- SmokeTest -->
      <group name="RegressionTest">
        <method signature="VtigerPracticeTest.CreateOgwithIndustryTest()[pri:0, instance:com.comcast.crm.orgtest.VtigerPracticeTest@6cb107fd]" name="CreateOgwithIndustryTest" class="com.comcast.crm.orgtest.VtigerPracticeTest"/>
        <method signature="VtigerPracticeTest.CreateOrgwithphonenumTest()[pri:0, instance:com.comcast.crm.orgtest.VtigerPracticeTest@6cb107fd]" name="CreateOrgwithphonenumTest" class="com.comcast.crm.orgtest.VtigerPracticeTest"/>
      </group> <!-- RegressionTest -->
    </groups>
    <test started-at="2024-10-29T14:28:09 IST" name="Test" finished-at="2024-10-29T14:28:38 IST" duration-ms="28403">
      <class name="com.comcast.crm.orgtest.VtigerPracticeTest">
        <test-method is-config="true" signature="configBS()[pri:0, instance:com.comcast.crm.orgtest.VtigerPracticeTest@6cb107fd]" started-at="2024-10-29T14:28:09 IST" name="configBS" finished-at="2024-10-29T14:28:09 IST" duration-ms="460" status="PASS">
          <reporter-output>
          </reporter-output>
        </test-method> <!-- configBS -->
        <test-method is-config="true" signature="configBC()[pri:0, instance:com.comcast.crm.orgtest.VtigerPracticeTest@6cb107fd]" started-at="2024-10-29T14:28:09 IST" name="configBC" finished-at="2024-10-29T14:28:12 IST" duration-ms="2794" status="PASS">
          <reporter-output>
          </reporter-output>
        </test-method> <!-- configBC -->
        <test-method is-config="true" signature="configBM()[pri:0, instance:com.comcast.crm.orgtest.VtigerPracticeTest@6cb107fd]" started-at="2024-10-29T14:28:12 IST" name="configBM" finished-at="2024-10-29T14:28:17 IST" duration-ms="4681" status="PASS">
          <reporter-output>
          </reporter-output>
        </test-method> <!-- configBM -->
        <test-method signature="CreateOgwithIndustryTest()[pri:0, instance:com.comcast.crm.orgtest.VtigerPracticeTest@6cb107fd]" started-at="2024-10-29T14:28:17 IST" name="CreateOgwithIndustryTest" finished-at="2024-10-29T14:28:24 IST" duration-ms="7381" status="PASS">
          <reporter-output>
          </reporter-output>
        </test-method> <!-- CreateOgwithIndustryTest -->
        <test-method is-config="true" signature="configAM()[pri:0, instance:com.comcast.crm.orgtest.VtigerPracticeTest@6cb107fd]" started-at="2024-10-29T14:28:24 IST" name="configAM" finished-at="2024-10-29T14:28:25 IST" duration-ms="645" status="PASS">
          <reporter-output>
          </reporter-output>
        </test-method> <!-- configAM -->
        <test-method is-config="true" signature="configBM()[pri:0, instance:com.comcast.crm.orgtest.VtigerPracticeTest@6cb107fd]" started-at="2024-10-29T14:28:25 IST" name="configBM" finished-at="2024-10-29T14:28:26 IST" duration-ms="1201" status="PASS">
          <reporter-output>
          </reporter-output>
        </test-method> <!-- configBM -->
        <test-method signature="CreateOrgwithphonenumTest()[pri:0, instance:com.comcast.crm.orgtest.VtigerPracticeTest@6cb107fd]" started-at="2024-10-29T14:28:26 IST" name="CreateOrgwithphonenumTest" finished-at="2024-10-29T14:28:30 IST" duration-ms="3949" status="PASS">
          <reporter-output>
          </reporter-output>
        </test-method> <!-- CreateOrgwithphonenumTest -->
        <test-method is-config="true" signature="configAM()[pri:0, instance:com.comcast.crm.orgtest.VtigerPracticeTest@6cb107fd]" started-at="2024-10-29T14:28:30 IST" name="configAM" finished-at="2024-10-29T14:28:31 IST" duration-ms="787" status="PASS">
          <reporter-output>
          </reporter-output>
        </test-method> <!-- configAM -->
        <test-method is-config="true" signature="configBM()[pri:0, instance:com.comcast.crm.orgtest.VtigerPracticeTest@6cb107fd]" started-at="2024-10-29T14:28:31 IST" name="configBM" finished-at="2024-10-29T14:28:32 IST" duration-ms="1499" status="PASS">
          <reporter-output>
          </reporter-output>
        </test-method> <!-- configBM -->
        <test-method signature="OrganizationTest()[pri:0, instance:com.comcast.crm.orgtest.VtigerPracticeTest@6cb107fd]" started-at="2024-10-29T14:28:32 IST" name="OrganizationTest" finished-at="2024-10-29T14:28:37 IST" duration-ms="4279" status="PASS">
          <reporter-output>
          </reporter-output>
        </test-method> <!-- OrganizationTest -->
        <test-method is-config="true" signature="configAM()[pri:0, instance:com.comcast.crm.orgtest.VtigerPracticeTest@6cb107fd]" started-at="2024-10-29T14:28:37 IST" name="configAM" finished-at="2024-10-29T14:28:37 IST" duration-ms="813" status="PASS">
          <reporter-output>
          </reporter-output>
        </test-method> <!-- configAM -->
        <test-method is-config="true" signature="configAC()[pri:0, instance:com.comcast.crm.orgtest.VtigerPracticeTest@6cb107fd]" started-at="2024-10-29T14:28:37 IST" name="configAC" finished-at="2024-10-29T14:28:38 IST" duration-ms="320" status="PASS">
          <reporter-output>
          </reporter-output>
        </test-method> <!-- configAC -->
        <test-method is-config="true" signature="configAS()[pri:0, instance:com.comcast.crm.orgtest.VtigerPracticeTest@6cb107fd]" started-at="2024-10-29T14:28:38 IST" name="configAS" finished-at="2024-10-29T14:28:38 IST" duration-ms="1" status="PASS">
          <reporter-output>
          </reporter-output>
        </test-method> <!-- configAS -->
      </class> <!-- com.comcast.crm.orgtest.VtigerPracticeTest -->
    </test> <!-- Test -->
  </suite> <!-- Suite -->
</testng-results>
