<?xml version="1.0" encoding="UTF-8"?>
<!-- Generated by org.testng.reporters.JUnitXMLReporter -->
<testsuite ignored="0" hostname="studio31" failures="0" tests="3" name="Default test" time="25.534" errors="0" timestamp="2024-10-29T13:07:48 IST">
  <testcase classname="com.comcast.crm.contacttest.VitigercontactmoduleTest" name="CreateContactwithsupportDateTest" time="4.144"/>
  <testcase classname="com.comcast.crm.contacttest.VitigercontactmoduleTest" name="VitigercontactmodulTest" time="8.4"/>
  <testcase classname="com.comcast.crm.contacttest.VitigercontactmoduleTest" name="createcontact" time="3.334"/>
</testsuite> <!-- Default test -->
